# JRE version: OpenJDK Runtime Environment (11.0.7+10) (build 11.0.7+10-post-Ubuntu-2ubuntu218.04)
# Java VM: OpenJDK 64-Bit Server VM (11.0.7+10-post-Ubuntu-2ubuntu218.04, mixed mode, sharing, tiered, compressed oops, g1 gc, linux-amd64)
Heap:
 garbage-first heap   total 811008K, used 74436K [0x0000000088400000, 0x0000000100000000)
  region size 1024K, 26 young (26624K), 26 survivors (26624K)
 Metaspace       used 6662K, capacity 9816K, committed 9984K, reserved 1058816K
  class space    used 854K, capacity 1202K, committed 1280K, reserved 1048576K
GC Heap History (20 events):
Event: 29,647 GC heap after
{Heap after GC invocations=13 (full 0):
 garbage-first heap   total 124928K, used 25113K [0x0000000088400000, 0x0000000100000000)
  region size 1024K, 6 young (6144K), 6 survivors (6144K)
 Metaspace       used 6660K, capacity 9816K, committed 9984K, reserved 1058816K
  class space    used 854K, capacity 1202K, committed 1280K, reserved 1048576K
}
Event: 29,692 GC heap before
{Heap before GC invocations=13 (full 0):
 garbage-first heap   total 124928K, used 92697K [0x0000000088400000, 0x0000000100000000)
  region size 1024K, 72 young (73728K), 6 survivors (6144K)
 Metaspace       used 6660K, capacity 9816K, committed 9984K, reserved 1058816K
  class space    used 854K, capacity 1202K, committed 1280K, reserved 1048576K
}
Event: 29,700 GC heap after
{Heap after GC invocations=14 (full 0):
 garbage-first heap   total 124928K, used 26592K [0x0000000088400000, 0x0000000100000000)
  region size 1024K, 6 young (6144K), 6 survivors (6144K)
 Metaspace       used 6660K, capacity 9816K, committed 9984K, reserved 1058816K
  class space    used 854K, capacity 1202K, committed 1280K, reserved 1048576K
}
Event: 29,743 GC heap before
{Heap before GC invocations=14 (full 0):
 garbage-first heap   total 124928K, used 94176K [0x0000000088400000, 0x0000000100000000)
  region size 1024K, 72 young (73728K), 6 survivors (6144K)
 Metaspace       used 6660K, capacity 9816K, committed 9984K, reserved 1058816K
  class space    used 854K, capacity 1202K, committed 1280K, reserved 1048576K
}
Event: 29,751 GC heap after
{Heap after GC invocations=15 (full 0):
 garbage-first heap   total 249856K, used 28184K [0x0000000088400000, 0x0000000100000000)
  region size 1024K, 6 young (6144K), 6 survivors (6144K)
 Metaspace       used 6660K, capacity 9816K, committed 9984K, reserved 1058816K
  class space    used 854K, capacity 1202K, committed 1280K, reserved 1048576K
}
Event: 29,868 GC heap before
{Heap before GC invocations=15 (full 0):
 garbage-first heap   total 249856K, used 154136K [0x0000000088400000, 0x0000000100000000)
  region size 1024K, 126 young (129024K), 6 survivors (6144K)
 Metaspace       used 6660K, capacity 9816K, committed 9984K, reserved 1058816K
  class space    used 854K, capacity 1202K, committed 1280K, reserved 1048576K
}
Event: 29,875 GC heap after
{Heap after GC invocations=16 (full 0):
 garbage-first heap   total 249856K, used 33983K [0x0000000088400000, 0x0000000100000000)
  region size 1024K, 9 young (9216K), 9 survivors (9216K)
 Metaspace       used 6660K, capacity 9816K, committed 9984K, reserved 1058816K
  class space    used 854K, capacity 1202K, committed 1280K, reserved 1048576K
}
Event: 29,962 GC heap before
{Heap before GC invocations=16 (full 0):
 garbage-first heap   total 249856K, used 172223K [0x0000000088400000, 0x0000000100000000)
  region size 1024K, 144 young (147456K), 9 survivors (9216K)
 Metaspace       used 6660K, capacity 9816K, committed 9984K, reserved 1058816K
  class space    used 854K, capacity 1202K, committed 1280K, reserved 1048576K
}
Event: 29,972 GC heap after
{Heap after GC invocations=17 (full 0):
 garbage-first heap   total 249856K, used 36984K [0x0000000088400000, 0x0000000100000000)
  region size 1024K, 12 young (12288K), 12 survivors (12288K)
 Metaspace       used 6660K, capacity 9816K, committed 9984K, reserved 1058816K
  class space    used 854K, capacity 1202K, committed 1280K, reserved 1048576K
}
Event: 30,062 GC heap before
{Heap before GC invocations=17 (full 0):
 garbage-first heap   total 249856K, used 174200K [0x0000000088400000, 0x0000000100000000)
  region size 1024K, 146 young (149504K), 12 survivors (12288K)
 Metaspace       used 6660K, capacity 9816K, committed 9984K, reserved 1058816K
  class space    used 854K, capacity 1202K, committed 1280K, reserved 1048576K
}
Event: 30,074 GC heap after
{Heap after GC invocations=18 (full 0):
 garbage-first heap   total 249856K, used 40048K [0x0000000088400000, 0x0000000100000000)
  region size 1024K, 12 young (12288K), 12 survivors (12288K)
 Metaspace       used 6660K, capacity 9816K, committed 9984K, reserved 1058816K
  class space    used 854K, capacity 1202K, committed 1280K, reserved 1048576K
}
Event: 30,164 GC heap before
{Heap before GC invocations=18 (full 0):
 garbage-first heap   total 249856K, used 177264K [0x0000000088400000, 0x0000000100000000)
  region size 1024K, 146 young (149504K), 12 survivors (12288K)
 Metaspace       used 6660K, capacity 9816K, committed 9984K, reserved 1058816K
  class space    used 854K, capacity 1202K, committed 1280K, reserved 1048576K
}
Event: 30,176 GC heap after
{Heap after GC invocations=19 (full 0):
 garbage-first heap   total 522240K, used 43144K [0x0000000088400000, 0x0000000100000000)
  region size 1024K, 12 young (12288K), 12 survivors (12288K)
 Metaspace       used 6660K, capacity 9816K, committed 9984K, reserved 1058816K
  class space    used 854K, capacity 1202K, committed 1280K, reserved 1048576K
}
Event: 30,514 GC heap before
{Heap before GC invocations=19 (full 0):
 garbage-first heap   total 522240K, used 344200K [0x0000000088400000, 0x0000000100000000)
  region size 1024K, 306 young (313344K), 12 survivors (12288K)
 Metaspace       used 6661K, capacity 9816K, committed 9984K, reserved 1058816K
  class space    used 854K, capacity 1202K, committed 1280K, reserved 1048576K
}
Event: 30,529 GC heap after
{Heap after GC invocations=20 (full 0):
 garbage-first heap   total 522240K, used 49714K [0x0000000088400000, 0x0000000100000000)
  region size 1024K, 19 young (19456K), 19 survivors (19456K)
 Metaspace       used 6661K, capacity 9816K, committed 9984K, reserved 1058816K
  class space    used 854K, capacity 1202K, committed 1280K, reserved 1048576K
}
Event: 30,740 GC heap before
{Heap before GC invocations=20 (full 0):
 garbage-first heap   total 522240K, used 348722K [0x0000000088400000, 0x0000000100000000)
  region size 1024K, 306 young (313344K), 19 survivors (19456K)
 Metaspace       used 6661K, capacity 9816K, committed 9984K, reserved 1058816K
  class space    used 854K, capacity 1202K, committed 1280K, reserved 1048576K
}
Event: 30,757 GC heap after
{Heap after GC invocations=21 (full 0):
 garbage-first heap   total 522240K, used 61098K [0x0000000088400000, 0x0000000100000000)
  region size 1024K, 25 young (25600K), 25 survivors (25600K)
 Metaspace       used 6661K, capacity 9816K, committed 9984K, reserved 1058816K
  class space    used 854K, capacity 1202K, committed 1280K, reserved 1048576K
}
Event: 30,952 GC heap before
{Heap before GC invocations=21 (full 0):
 garbage-first heap   total 522240K, used 348842K [0x0000000088400000, 0x0000000100000000)
  region size 1024K, 306 young (313344K), 25 survivors (25600K)
 Metaspace       used 6662K, capacity 9816K, committed 9984K, reserved 1058816K
  class space    used 854K, capacity 1202K, committed 1280K, reserved 1048576K
}
Event: 30,970 GC heap after
{Heap after GC invocations=22 (full 0):
 garbage-first heap   total 522240K, used 67246K [0x0000000088400000, 0x0000000100000000)
  region size 1024K, 25 young (25600K), 25 survivors (25600K)
 Metaspace       used 6662K, capacity 9816K, committed 9984K, reserved 1058816K
  class space    used 854K, capacity 1202K, committed 1280K, reserved 1048576K
}
Event: 31,160 GC heap before
{Heap before GC invocations=22 (full 0):
 garbage-first heap   total 522240K, used 354990K [0x0000000088400000, 0x0000000100000000)
  region size 1024K, 306 young (313344K), 25 survivors (25600K)
 Metaspace       used 6662K, capacity 9816K, committed 9984K, reserved 1058816K
  class space    used 854K, capacity 1202K, committed 1280K, reserved 1048576K
}

