# JRE version: OpenJDK Runtime Environment (11.0.7+10) (build 11.0.7+10-post-Ubuntu-2ubuntu218.04)
# Java VM: OpenJDK 64-Bit Server VM (11.0.7+10-post-Ubuntu-2ubuntu218.04, mixed mode, sharing, tiered, compressed oops, g1 gc, linux-amd64)
Heap:
 garbage-first heap   total 844800K, used 74748K [0x0000000088400000, 0x0000000100000000)
  region size 1024K, 26 young (26624K), 26 survivors (26624K)
 Metaspace       used 6739K, capacity 9880K, committed 10240K, reserved 1058816K
  class space    used 862K, capacity 1202K, committed 1280K, reserved 1048576K
GC Heap History (20 events):
Event: 199,217 GC heap after
{Heap after GC invocations=13 (full 0):
 garbage-first heap   total 124928K, used 25426K [0x0000000088400000, 0x0000000100000000)
  region size 1024K, 6 young (6144K), 6 survivors (6144K)
 Metaspace       used 6738K, capacity 9880K, committed 10240K, reserved 1058816K
  class space    used 862K, capacity 1202K, committed 1280K, reserved 1048576K
}
Event: 199,262 GC heap before
{Heap before GC invocations=13 (full 0):
 garbage-first heap   total 124928K, used 93010K [0x0000000088400000, 0x0000000100000000)
  region size 1024K, 72 young (73728K), 6 survivors (6144K)
 Metaspace       used 6738K, capacity 9880K, committed 10240K, reserved 1058816K
  class space    used 862K, capacity 1202K, committed 1280K, reserved 1048576K
}
Event: 199,269 GC heap after
{Heap after GC invocations=14 (full 0):
 garbage-first heap   total 124928K, used 27018K [0x0000000088400000, 0x0000000100000000)
  region size 1024K, 6 young (6144K), 6 survivors (6144K)
 Metaspace       used 6738K, capacity 9880K, committed 10240K, reserved 1058816K
  class space    used 862K, capacity 1202K, committed 1280K, reserved 1048576K
}
Event: 199,317 GC heap before
{Heap before GC invocations=14 (full 0):
 garbage-first heap   total 124928K, used 94602K [0x0000000088400000, 0x0000000100000000)
  region size 1024K, 72 young (73728K), 6 survivors (6144K)
 Metaspace       used 6738K, capacity 9880K, committed 10240K, reserved 1058816K
  class space    used 862K, capacity 1202K, committed 1280K, reserved 1048576K
}
Event: 199,326 GC heap after
{Heap after GC invocations=15 (full 0):
 garbage-first heap   total 249856K, used 28640K [0x0000000088400000, 0x0000000100000000)
  region size 1024K, 6 young (6144K), 6 survivors (6144K)
 Metaspace       used 6738K, capacity 9880K, committed 10240K, reserved 1058816K
  class space    used 862K, capacity 1202K, committed 1280K, reserved 1048576K
}
Event: 199,451 GC heap before
{Heap before GC invocations=15 (full 0):
 garbage-first heap   total 249856K, used 154592K [0x0000000088400000, 0x0000000100000000)
  region size 1024K, 126 young (129024K), 6 survivors (6144K)
 Metaspace       used 6738K, capacity 9880K, committed 10240K, reserved 1058816K
  class space    used 862K, capacity 1202K, committed 1280K, reserved 1048576K
}
Event: 199,459 GC heap after
{Heap after GC invocations=16 (full 0):
 garbage-first heap   total 249856K, used 34666K [0x0000000088400000, 0x0000000100000000)
  region size 1024K, 9 young (9216K), 9 survivors (9216K)
 Metaspace       used 6738K, capacity 9880K, committed 10240K, reserved 1058816K
  class space    used 862K, capacity 1202K, committed 1280K, reserved 1048576K
}
Event: 199,552 GC heap before
{Heap before GC invocations=16 (full 0):
 garbage-first heap   total 249856K, used 172906K [0x0000000088400000, 0x0000000100000000)
  region size 1024K, 144 young (147456K), 9 survivors (9216K)
 Metaspace       used 6738K, capacity 9880K, committed 10240K, reserved 1058816K
  class space    used 862K, capacity 1202K, committed 1280K, reserved 1048576K
}
Event: 199,562 GC heap after
{Heap after GC invocations=17 (full 0):
 garbage-first heap   total 249856K, used 37440K [0x0000000088400000, 0x0000000100000000)
  region size 1024K, 12 young (12288K), 12 survivors (12288K)
 Metaspace       used 6738K, capacity 9880K, committed 10240K, reserved 1058816K
  class space    used 862K, capacity 1202K, committed 1280K, reserved 1048576K
}
Event: 199,652 GC heap before
{Heap before GC invocations=17 (full 0):
 garbage-first heap   total 249856K, used 174656K [0x0000000088400000, 0x0000000100000000)
  region size 1024K, 146 young (149504K), 12 survivors (12288K)
 Metaspace       used 6738K, capacity 9880K, committed 10240K, reserved 1058816K
  class space    used 862K, capacity 1202K, committed 1280K, reserved 1048576K
}
Event: 199,662 GC heap after
{Heap after GC invocations=18 (full 0):
 garbage-first heap   total 249856K, used 40504K [0x0000000088400000, 0x0000000100000000)
  region size 1024K, 12 young (12288K), 12 survivors (12288K)
 Metaspace       used 6738K, capacity 9880K, committed 10240K, reserved 1058816K
  class space    used 862K, capacity 1202K, committed 1280K, reserved 1048576K
}
Event: 199,757 GC heap before
{Heap before GC invocations=18 (full 0):
 garbage-first heap   total 249856K, used 177720K [0x0000000088400000, 0x0000000100000000)
  region size 1024K, 146 young (149504K), 12 survivors (12288K)
 Metaspace       used 6739K, capacity 9880K, committed 10240K, reserved 1058816K
  class space    used 862K, capacity 1202K, committed 1280K, reserved 1048576K
}
Event: 199,769 GC heap after
{Heap after GC invocations=19 (full 0):
 garbage-first heap   total 518144K, used 44071K [0x0000000088400000, 0x0000000100000000)
  region size 1024K, 13 young (13312K), 13 survivors (13312K)
 Metaspace       used 6739K, capacity 9880K, committed 10240K, reserved 1058816K
  class space    used 862K, capacity 1202K, committed 1280K, reserved 1048576K
}
Event: 200,189 GC heap before
{Heap before GC invocations=19 (full 0):
 garbage-first heap   total 518144K, used 341031K [0x0000000088400000, 0x0000000100000000)
  region size 1024K, 303 young (310272K), 13 survivors (13312K)
 Metaspace       used 6739K, capacity 9880K, committed 10240K, reserved 1058816K
  class space    used 862K, capacity 1202K, committed 1280K, reserved 1048576K
}
Event: 200,271 GC heap after
{Heap after GC invocations=20 (full 0):
 garbage-first heap   total 518144K, used 49776K [0x0000000088400000, 0x0000000100000000)
  region size 1024K, 18 young (18432K), 18 survivors (18432K)
 Metaspace       used 6739K, capacity 9880K, committed 10240K, reserved 1058816K
  class space    used 862K, capacity 1202K, committed 1280K, reserved 1048576K
}
Event: 200,502 GC heap before
{Heap before GC invocations=20 (full 0):
 garbage-first heap   total 518144K, used 346736K [0x0000000088400000, 0x0000000100000000)
  region size 1024K, 303 young (310272K), 18 survivors (18432K)
 Metaspace       used 6739K, capacity 9880K, committed 10240K, reserved 1058816K
  class space    used 862K, capacity 1202K, committed 1280K, reserved 1048576K
}
Event: 200,524 GC heap after
{Heap after GC invocations=21 (full 0):
 garbage-first heap   total 518144K, used 61438K [0x0000000088400000, 0x0000000100000000)
  region size 1024K, 25 young (25600K), 25 survivors (25600K)
 Metaspace       used 6739K, capacity 9880K, committed 10240K, reserved 1058816K
  class space    used 862K, capacity 1202K, committed 1280K, reserved 1048576K
}
Event: 200,730 GC heap before
{Heap before GC invocations=21 (full 0):
 garbage-first heap   total 518144K, used 346110K [0x0000000088400000, 0x0000000100000000)
  region size 1024K, 303 young (310272K), 25 survivors (25600K)
 Metaspace       used 6739K, capacity 9880K, committed 10240K, reserved 1058816K
  class space    used 862K, capacity 1202K, committed 1280K, reserved 1048576K
}
Event: 200,748 GC heap after
{Heap after GC invocations=22 (full 0):
 garbage-first heap   total 518144K, used 67584K [0x0000000088400000, 0x0000000100000000)
  region size 1024K, 25 young (25600K), 25 survivors (25600K)
 Metaspace       used 6739K, capacity 9880K, committed 10240K, reserved 1058816K
  class space    used 862K, capacity 1202K, committed 1280K, reserved 1048576K
}
Event: 200,971 GC heap before
{Heap before GC invocations=22 (full 0):
 garbage-first heap   total 518144K, used 352256K [0x0000000088400000, 0x0000000100000000)
  region size 1024K, 303 young (310272K), 25 survivors (25600K)
 Metaspace       used 6739K, capacity 9880K, committed 10240K, reserved 1058816K
  class space    used 862K, capacity 1202K, committed 1280K, reserved 1048576K
}

