# JRE version: OpenJDK Runtime Environment (11.0.7+10) (build 11.0.7+10-post-Ubuntu-2ubuntu218.04)
# Java VM: OpenJDK 64-Bit Server VM (11.0.7+10-post-Ubuntu-2ubuntu218.04, mixed mode, sharing, tiered, compressed oops, g1 gc, linux-amd64)
Heap:
 garbage-first heap   total 878592K, used 83150K [0x0000000088400000, 0x0000000100000000)
  region size 1024K, 30 young (30720K), 30 survivors (30720K)
 Metaspace       used 6648K, capacity 9816K, committed 9984K, reserved 1058816K
  class space    used 854K, capacity 1202K, committed 1280K, reserved 1048576K
GC Heap History (20 events):
Event: 8,855 GC heap after
{Heap after GC invocations=13 (full 0):
 garbage-first heap   total 150528K, used 26227K [0x0000000088400000, 0x0000000100000000)
  region size 1024K, 7 young (7168K), 7 survivors (7168K)
 Metaspace       used 6646K, capacity 9816K, committed 9984K, reserved 1058816K
  class space    used 854K, capacity 1202K, committed 1280K, reserved 1048576K
}
Event: 8,907 GC heap before
{Heap before GC invocations=13 (full 0):
 garbage-first heap   total 150528K, used 109171K [0x0000000088400000, 0x0000000100000000)
  region size 1024K, 88 young (90112K), 7 survivors (7168K)
 Metaspace       used 6646K, capacity 9816K, committed 9984K, reserved 1058816K
  class space    used 854K, capacity 1202K, committed 1280K, reserved 1048576K
}
Event: 8,914 GC heap after
{Heap after GC invocations=14 (full 0):
 garbage-first heap   total 150528K, used 28247K [0x0000000088400000, 0x0000000100000000)
  region size 1024K, 8 young (8192K), 8 survivors (8192K)
 Metaspace       used 6646K, capacity 9816K, committed 9984K, reserved 1058816K
  class space    used 854K, capacity 1202K, committed 1280K, reserved 1048576K
}
Event: 8,966 GC heap before
{Heap before GC invocations=14 (full 0):
 garbage-first heap   total 150528K, used 113239K [0x0000000088400000, 0x0000000100000000)
  region size 1024K, 88 young (90112K), 8 survivors (8192K)
 Metaspace       used 6646K, capacity 9816K, committed 9984K, reserved 1058816K
  class space    used 854K, capacity 1202K, committed 1280K, reserved 1048576K
}
Event: 8,975 GC heap after
{Heap after GC invocations=15 (full 0):
 garbage-first heap   total 301056K, used 33200K [0x0000000088400000, 0x0000000100000000)
  region size 1024K, 8 young (8192K), 8 survivors (8192K)
 Metaspace       used 6646K, capacity 9816K, committed 9984K, reserved 1058816K
  class space    used 854K, capacity 1202K, committed 1280K, reserved 1048576K
}
Event: 9,119 GC heap before
{Heap before GC invocations=15 (full 0):
 garbage-first heap   total 301056K, used 189872K [0x0000000088400000, 0x0000000100000000)
  region size 1024K, 161 young (164864K), 8 survivors (8192K)
 Metaspace       used 6646K, capacity 9816K, committed 9984K, reserved 1058816K
  class space    used 854K, capacity 1202K, committed 1280K, reserved 1048576K
}
Event: 9,128 GC heap after
{Heap after GC invocations=16 (full 0):
 garbage-first heap   total 301056K, used 36408K [0x0000000088400000, 0x0000000100000000)
  region size 1024K, 11 young (11264K), 11 survivors (11264K)
 Metaspace       used 6646K, capacity 9816K, committed 9984K, reserved 1058816K
  class space    used 854K, capacity 1202K, committed 1280K, reserved 1048576K
}
Event: 9,233 GC heap before
{Heap before GC invocations=16 (full 0):
 garbage-first heap   total 301056K, used 205368K [0x0000000088400000, 0x0000000100000000)
  region size 1024K, 176 young (180224K), 11 survivors (11264K)
 Metaspace       used 6646K, capacity 9816K, committed 9984K, reserved 1058816K
  class space    used 854K, capacity 1202K, committed 1280K, reserved 1048576K
}
Event: 9,242 GC heap after
{Heap after GC invocations=17 (full 0):
 garbage-first heap   total 301056K, used 39906K [0x0000000088400000, 0x0000000100000000)
  region size 1024K, 14 young (14336K), 14 survivors (14336K)
 Metaspace       used 6646K, capacity 9816K, committed 9984K, reserved 1058816K
  class space    used 854K, capacity 1202K, committed 1280K, reserved 1048576K
}
Event: 9,344 GC heap before
{Heap before GC invocations=17 (full 0):
 garbage-first heap   total 301056K, used 205794K [0x0000000088400000, 0x0000000100000000)
  region size 1024K, 176 young (180224K), 14 survivors (14336K)
 Metaspace       used 6646K, capacity 9816K, committed 9984K, reserved 1058816K
  class space    used 854K, capacity 1202K, committed 1280K, reserved 1048576K
}
Event: 9,357 GC heap after
{Heap after GC invocations=18 (full 0):
 garbage-first heap   total 301056K, used 44503K [0x0000000088400000, 0x0000000100000000)
  region size 1024K, 15 young (15360K), 15 survivors (15360K)
 Metaspace       used 6646K, capacity 9816K, committed 9984K, reserved 1058816K
  class space    used 854K, capacity 1202K, committed 1280K, reserved 1048576K
}
Event: 9,465 GC heap before
{Heap before GC invocations=18 (full 0):
 garbage-first heap   total 301056K, used 209367K [0x0000000088400000, 0x0000000100000000)
  region size 1024K, 176 young (180224K), 15 survivors (15360K)
 Metaspace       used 6647K, capacity 9816K, committed 9984K, reserved 1058816K
  class space    used 854K, capacity 1202K, committed 1280K, reserved 1048576K
}
Event: 9,478 GC heap after
{Heap after GC invocations=19 (full 0):
 garbage-first heap   total 607232K, used 48021K [0x0000000088400000, 0x0000000100000000)
  region size 1024K, 15 young (15360K), 15 survivors (15360K)
 Metaspace       used 6647K, capacity 9816K, committed 9984K, reserved 1058816K
  class space    used 854K, capacity 1202K, committed 1280K, reserved 1048576K
}
Event: 10,023 GC heap before
{Heap before GC invocations=19 (full 0):
 garbage-first heap   total 607232K, used 382869K [0x0000000088400000, 0x0000000100000000)
  region size 1024K, 337 young (345088K), 15 survivors (15360K)
 Metaspace       used 6647K, capacity 9816K, committed 9984K, reserved 1058816K
  class space    used 854K, capacity 1202K, committed 1280K, reserved 1048576K
}
Event: 10,045 GC heap after
{Heap after GC invocations=20 (full 0):
 garbage-first heap   total 607232K, used 60556K [0x0000000088400000, 0x0000000100000000)
  region size 1024K, 22 young (22528K), 22 survivors (22528K)
 Metaspace       used 6647K, capacity 9816K, committed 9984K, reserved 1058816K
  class space    used 854K, capacity 1202K, committed 1280K, reserved 1048576K
}
Event: 10,315 GC heap before
{Heap before GC invocations=20 (full 0):
 garbage-first heap   total 607232K, used 401548K [0x0000000088400000, 0x0000000100000000)
  region size 1024K, 355 young (363520K), 22 survivors (22528K)
 Metaspace       used 6647K, capacity 9816K, committed 9984K, reserved 1058816K
  class space    used 854K, capacity 1202K, committed 1280K, reserved 1048576K
}
Event: 10,335 GC heap after
{Heap after GC invocations=21 (full 0):
 garbage-first heap   total 607232K, used 67724K [0x0000000088400000, 0x0000000100000000)
  region size 1024K, 29 young (29696K), 29 survivors (29696K)
 Metaspace       used 6647K, capacity 9816K, committed 9984K, reserved 1058816K
  class space    used 854K, capacity 1202K, committed 1280K, reserved 1048576K
}
Event: 10,551 GC heap before
{Heap before GC invocations=21 (full 0):
 garbage-first heap   total 607232K, used 401548K [0x0000000088400000, 0x0000000100000000)
  region size 1024K, 355 young (363520K), 29 survivors (29696K)
 Metaspace       used 6647K, capacity 9816K, committed 9984K, reserved 1058816K
  class space    used 854K, capacity 1202K, committed 1280K, reserved 1048576K
}
Event: 10,572 GC heap after
{Heap after GC invocations=22 (full 0):
 garbage-first heap   total 607232K, used 75706K [0x0000000088400000, 0x0000000100000000)
  region size 1024K, 30 young (30720K), 30 survivors (30720K)
 Metaspace       used 6647K, capacity 9816K, committed 9984K, reserved 1058816K
  class space    used 854K, capacity 1202K, committed 1280K, reserved 1048576K
}
Event: 10,790 GC heap before
{Heap before GC invocations=22 (full 0):
 garbage-first heap   total 607232K, used 408506K [0x0000000088400000, 0x0000000100000000)
  region size 1024K, 355 young (363520K), 30 survivors (30720K)
 Metaspace       used 6648K, capacity 9816K, committed 9984K, reserved 1058816K
  class space    used 854K, capacity 1202K, committed 1280K, reserved 1048576K
}

