# JRE version: OpenJDK Runtime Environment (11.0.7+10) (build 11.0.7+10-post-Ubuntu-2ubuntu218.04)
# Java VM: OpenJDK 64-Bit Server VM (11.0.7+10-post-Ubuntu-2ubuntu218.04, mixed mode, sharing, tiered, compressed oops, g1 gc, linux-amd64)
Heap:
 garbage-first heap   total 708608K, used 62598K [0x0000000088400000, 0x0000000100000000)
  region size 1024K, 20 young (20480K), 20 survivors (20480K)
 Metaspace       used 6905K, capacity 10045K, committed 10240K, reserved 1058816K
  class space    used 898K, capacity 1267K, committed 1280K, reserved 1048576K
GC Heap History (20 events):
Event: 4,509 GC heap after
{Heap after GC invocations=10 (full 0):
 garbage-first heap   total 150528K, used 21335K [0x0000000088400000, 0x0000000100000000)
  region size 1024K, 7 young (7168K), 7 survivors (7168K)
 Metaspace       used 6904K, capacity 10045K, committed 10240K, reserved 1058816K
  class space    used 898K, capacity 1267K, committed 1280K, reserved 1048576K
}
Event: 4,573 GC heap before
{Heap before GC invocations=10 (full 0):
 garbage-first heap   total 150528K, used 104279K [0x0000000088400000, 0x0000000100000000)
  region size 1024K, 88 young (90112K), 7 survivors (7168K)
 Metaspace       used 6904K, capacity 10045K, committed 10240K, reserved 1058816K
  class space    used 898K, capacity 1267K, committed 1280K, reserved 1048576K
}
Event: 4,582 GC heap after
{Heap after GC invocations=11 (full 0):
 garbage-first heap   total 150528K, used 23076K [0x0000000088400000, 0x0000000100000000)
  region size 1024K, 7 young (7168K), 7 survivors (7168K)
 Metaspace       used 6904K, capacity 10045K, committed 10240K, reserved 1058816K
  class space    used 898K, capacity 1267K, committed 1280K, reserved 1048576K
}
Event: 4,647 GC heap before
{Heap before GC invocations=11 (full 0):
 garbage-first heap   total 150528K, used 106020K [0x0000000088400000, 0x0000000100000000)
  region size 1024K, 88 young (90112K), 7 survivors (7168K)
 Metaspace       used 6904K, capacity 10045K, committed 10240K, reserved 1058816K
  class space    used 898K, capacity 1267K, committed 1280K, reserved 1048576K
}
Event: 4,655 GC heap after
{Heap after GC invocations=12 (full 0):
 garbage-first heap   total 197632K, used 25081K [0x0000000088400000, 0x0000000100000000)
  region size 1024K, 8 young (8192K), 8 survivors (8192K)
 Metaspace       used 6904K, capacity 10045K, committed 10240K, reserved 1058816K
  class space    used 898K, capacity 1267K, committed 1280K, reserved 1048576K
}
Event: 4,757 GC heap before
{Heap before GC invocations=12 (full 0):
 garbage-first heap   total 197632K, used 134649K [0x0000000088400000, 0x0000000100000000)
  region size 1024K, 115 young (117760K), 8 survivors (8192K)
 Metaspace       used 6904K, capacity 10045K, committed 10240K, reserved 1058816K
  class space    used 898K, capacity 1267K, committed 1280K, reserved 1048576K
}
Event: 4,765 GC heap after
{Heap after GC invocations=13 (full 0):
 garbage-first heap   total 197632K, used 27382K [0x0000000088400000, 0x0000000100000000)
  region size 1024K, 10 young (10240K), 10 survivors (10240K)
 Metaspace       used 6904K, capacity 10045K, committed 10240K, reserved 1058816K
  class space    used 898K, capacity 1267K, committed 1280K, reserved 1048576K
}
Event: 4,850 GC heap before
{Heap before GC invocations=13 (full 0):
 garbage-first heap   total 197632K, used 137974K [0x0000000088400000, 0x0000000100000000)
  region size 1024K, 115 young (117760K), 10 survivors (10240K)
 Metaspace       used 6904K, capacity 10045K, committed 10240K, reserved 1058816K
  class space    used 898K, capacity 1267K, committed 1280K, reserved 1048576K
}
Event: 4,861 GC heap after
{Heap after GC invocations=14 (full 0):
 garbage-first heap   total 197632K, used 32611K [0x0000000088400000, 0x0000000100000000)
  region size 1024K, 10 young (10240K), 10 survivors (10240K)
 Metaspace       used 6904K, capacity 10045K, committed 10240K, reserved 1058816K
  class space    used 898K, capacity 1267K, committed 1280K, reserved 1048576K
}
Event: 4,945 GC heap before
{Heap before GC invocations=14 (full 0):
 garbage-first heap   total 197632K, used 140131K [0x0000000088400000, 0x0000000100000000)
  region size 1024K, 115 young (117760K), 10 survivors (10240K)
 Metaspace       used 6904K, capacity 10045K, committed 10240K, reserved 1058816K
  class space    used 898K, capacity 1267K, committed 1280K, reserved 1048576K
}
Event: 4,955 GC heap after
{Heap after GC invocations=15 (full 0):
 garbage-first heap   total 197632K, used 35618K [0x0000000088400000, 0x0000000100000000)
  region size 1024K, 10 young (10240K), 10 survivors (10240K)
 Metaspace       used 6904K, capacity 10045K, committed 10240K, reserved 1058816K
  class space    used 898K, capacity 1267K, committed 1280K, reserved 1048576K
}
Event: 5,039 GC heap before
{Heap before GC invocations=15 (full 0):
 garbage-first heap   total 197632K, used 143138K [0x0000000088400000, 0x0000000100000000)
  region size 1024K, 115 young (117760K), 10 survivors (10240K)
 Metaspace       used 6904K, capacity 10045K, committed 10240K, reserved 1058816K
  class space    used 898K, capacity 1267K, committed 1280K, reserved 1048576K
}
Event: 5,049 GC heap after
{Heap after GC invocations=16 (full 0):
 garbage-first heap   total 395264K, used 38319K [0x0000000088400000, 0x0000000100000000)
  region size 1024K, 10 young (10240K), 10 survivors (10240K)
 Metaspace       used 6904K, capacity 10045K, committed 10240K, reserved 1058816K
  class space    used 898K, capacity 1267K, committed 1280K, reserved 1048576K
}
Event: 5,275 GC heap before
{Heap before GC invocations=16 (full 0):
 garbage-first heap   total 395264K, used 254383K [0x0000000088400000, 0x0000000100000000)
  region size 1024K, 221 young (226304K), 10 survivors (10240K)
 Metaspace       used 6904K, capacity 10045K, committed 10240K, reserved 1058816K
  class space    used 898K, capacity 1267K, committed 1280K, reserved 1048576K
}
Event: 5,286 GC heap after
{Heap after GC invocations=17 (full 0):
 garbage-first heap   total 395264K, used 42641K [0x0000000088400000, 0x0000000100000000)
  region size 1024K, 15 young (15360K), 15 survivors (15360K)
 Metaspace       used 6904K, capacity 10045K, committed 10240K, reserved 1058816K
  class space    used 898K, capacity 1267K, committed 1280K, reserved 1048576K
}
Event: 5,461 GC heap before
{Heap before GC invocations=17 (full 0):
 garbage-first heap   total 395264K, used 263825K [0x0000000088400000, 0x0000000100000000)
  region size 1024K, 231 young (236544K), 15 survivors (15360K)
 Metaspace       used 6905K, capacity 10045K, committed 10240K, reserved 1058816K
  class space    used 898K, capacity 1267K, committed 1280K, reserved 1048576K
}
Event: 5,473 GC heap after
{Heap after GC invocations=18 (full 0):
 garbage-first heap   total 395264K, used 47452K [0x0000000088400000, 0x0000000100000000)
  region size 1024K, 19 young (19456K), 19 survivors (19456K)
 Metaspace       used 6905K, capacity 10045K, committed 10240K, reserved 1058816K
  class space    used 898K, capacity 1267K, committed 1280K, reserved 1048576K
}
Event: 5,645 GC heap before
{Heap before GC invocations=18 (full 0):
 garbage-first heap   total 395264K, used 264540K [0x0000000088400000, 0x0000000100000000)
  region size 1024K, 231 young (236544K), 19 survivors (19456K)
 Metaspace       used 6905K, capacity 10045K, committed 10240K, reserved 1058816K
  class space    used 898K, capacity 1267K, committed 1280K, reserved 1048576K
}
Event: 5,659 GC heap after
{Heap after GC invocations=19 (full 0):
 garbage-first heap   total 395264K, used 52582K [0x0000000088400000, 0x0000000100000000)
  region size 1024K, 20 young (20480K), 20 survivors (20480K)
 Metaspace       used 6905K, capacity 10045K, committed 10240K, reserved 1058816K
  class space    used 898K, capacity 1267K, committed 1280K, reserved 1048576K
}
Event: 5,832 GC heap before
{Heap before GC invocations=19 (full 0):
 garbage-first heap   total 395264K, used 273766K [0x0000000088400000, 0x0000000100000000)
  region size 1024K, 231 young (236544K), 20 survivors (20480K)
 Metaspace       used 6905K, capacity 10045K, committed 10240K, reserved 1058816K
  class space    used 898K, capacity 1267K, committed 1280K, reserved 1048576K
}

